<?xml version="1.0" encoding="UTF-8"?>
<testng-results ignored="0" total="2" passed="1" failed="1" skipped="0">
  <reporter-output>
  </reporter-output>
  <suite started-at="2025-01-09T13:14:23 IST" name="Master Suite" finished-at="2025-01-09T13:14:50 IST" duration-ms="27607">
    <groups>
      <group name="Master">
        <method signature="TC001_accoountRegister.verify_account_registration()[pri:0, instance:TestCases.TC001_accoountRegister@366c4480]" name="verify_account_registration" class="TestCases.TC001_accoountRegister"/>
        <method signature="TC002_loginTest.verify_login()[pri:0, instance:TestCases.TC002_loginTest@681a8b4e]" name="verify_login" class="TestCases.TC002_loginTest"/>
      </group> <!-- Master -->
      <group name="Sanity">
        <method signature="TC002_loginTest.verify_login()[pri:0, instance:TestCases.TC002_loginTest@681a8b4e]" name="verify_login" class="TestCases.TC002_loginTest"/>
      </group> <!-- Sanity -->
      <group name="Regression">
        <method signature="TC001_accoountRegister.verify_account_registration()[pri:0, instance:TestCases.TC001_accoountRegister@366c4480]" name="verify_account_registration" class="TestCases.TC001_accoountRegister"/>
      </group> <!-- Regression -->
    </groups>
    <test started-at="2025-01-09T13:14:23 IST" name="Test" finished-at="2025-01-09T13:14:50 IST" duration-ms="27607">
      <class name="TestCases.TC002_loginTest">
        <test-method is-config="true" signature="setup(java.lang.String,java.lang.String)[pri:0, instance:TestCases.TC002_loginTest@681a8b4e]" started-at="2025-01-09T13:14:31 IST" name="setup" finished-at="2025-01-09T13:14:33 IST" duration-ms="2674" status="PASS">
          <params>
            <param index="0">
              <value>
                <![CDATA[Windows]]>
              </value>
            </param>
            <param index="1">
              <value>
                <![CDATA[chrome]]>
              </value>
            </param>
          </params>
          <reporter-output>
          </reporter-output>
        </test-method> <!-- setup -->
        <test-method signature="verify_login()[pri:0, instance:TestCases.TC002_loginTest@681a8b4e]" started-at="2025-01-09T13:14:33 IST" name="verify_login" finished-at="2025-01-09T13:14:50 IST" duration-ms="16362" status="FAIL">
          <exception class="java.lang.AssertionError">
            <message>
              <![CDATA[expected [true] but found [false]]]>
            </message>
            <full-stacktrace>
              <![CDATA[java.lang.AssertionError: expected [true] but found [false]
at org.testng.Assert.fail(Assert.java:111)
at org.testng.Assert.failNotEquals(Assert.java:1578)
at org.testng.Assert.assertTrue(Assert.java:57)
at org.testng.Assert.assertTrue(Assert.java:67)
at TestCases.TC002_loginTest.verify_login(TC002_loginTest.java:40)
at java.base/jdk.internal.reflect.DirectMethodHandleAccessor.invoke(DirectMethodHandleAccessor.java:103)
at java.base/java.lang.reflect.Method.invoke(Method.java:580)
at org.testng.internal.invokers.MethodInvocationHelper.invokeMethod(MethodInvocationHelper.java:141)
at org.testng.internal.invokers.TestInvoker.invokeMethod(TestInvoker.java:686)
at org.testng.internal.invokers.TestInvoker.invokeTestMethod(TestInvoker.java:230)
at org.testng.internal.invokers.MethodRunner.runInSequence(MethodRunner.java:63)
at org.testng.internal.invokers.TestInvoker$MethodInvocationAgent.invoke(TestInvoker.java:992)
at org.testng.internal.invokers.TestInvoker.invokeTestMethods(TestInvoker.java:203)
at org.testng.internal.invokers.TestMethodWorker.invokeTestMethods(TestMethodWorker.java:154)
at org.testng.internal.invokers.TestMethodWorker.run(TestMethodWorker.java:134)
at java.base/java.util.ArrayList.forEach(ArrayList.java:1596)
at org.testng.TestRunner.privateRun(TestRunner.java:739)
at org.testng.TestRunner.run(TestRunner.java:614)
at org.testng.SuiteRunner.runTest(SuiteRunner.java:421)
at org.testng.SuiteRunner.runSequentially(SuiteRunner.java:413)
at org.testng.SuiteRunner.privateRun(SuiteRunner.java:373)
at org.testng.SuiteRunner.run(SuiteRunner.java:312)
at org.testng.SuiteRunnerWorker.runSuite(SuiteRunnerWorker.java:52)
at org.testng.SuiteRunnerWorker.run(SuiteRunnerWorker.java:95)
at org.testng.TestNG.runSuitesSequentially(TestNG.java:1274)
at org.testng.TestNG.runSuitesLocally(TestNG.java:1208)
at org.testng.TestNG.runSuites(TestNG.java:1112)
at org.testng.TestNG.run(TestNG.java:1079)
at org.testng.remote.AbstractRemoteTestNG.run(AbstractRemoteTestNG.java:115)
at org.testng.remote.RemoteTestNG.initAndRun(RemoteTestNG.java:293)
at org.testng.remote.RemoteTestNG.main(RemoteTestNG.java:91)
]]>
            </full-stacktrace>
          </exception> <!-- java.lang.AssertionError -->
          <reporter-output>
          </reporter-output>
        </test-method> <!-- verify_login -->
        <test-method is-config="true" signature="tearDown()[pri:0, instance:TestCases.TC002_loginTest@681a8b4e]" started-at="2025-01-09T13:14:50 IST" name="tearDown" finished-at="2025-01-09T13:14:50 IST" duration-ms="234" status="PASS">
          <reporter-output>
          </reporter-output>
        </test-method> <!-- tearDown -->
      </class> <!-- TestCases.TC002_loginTest -->
      <class name="TestCases.TC001_accoountRegister">
        <test-method is-config="true" signature="setup(java.lang.String,java.lang.String)[pri:0, instance:TestCases.TC001_accoountRegister@366c4480]" started-at="2025-01-09T13:14:23 IST" name="setup" finished-at="2025-01-09T13:14:28 IST" duration-ms="4517" status="PASS">
          <params>
            <param index="0">
              <value>
                <![CDATA[Windows]]>
              </value>
            </param>
            <param index="1">
              <value>
                <![CDATA[chrome]]>
              </value>
            </param>
          </params>
          <reporter-output>
          </reporter-output>
        </test-method> <!-- setup -->
        <test-method signature="verify_account_registration()[pri:0, instance:TestCases.TC001_accoountRegister@366c4480]" started-at="2025-01-09T13:14:28 IST" name="verify_account_registration" finished-at="2025-01-09T13:14:30 IST" duration-ms="2806" status="PASS">
          <reporter-output>
          </reporter-output>
        </test-method> <!-- verify_account_registration -->
        <test-method is-config="true" signature="tearDown()[pri:0, instance:TestCases.TC001_accoountRegister@366c4480]" started-at="2025-01-09T13:14:30 IST" name="tearDown" finished-at="2025-01-09T13:14:31 IST" duration-ms="400" status="PASS">
          <reporter-output>
          </reporter-output>
        </test-method> <!-- tearDown -->
      </class> <!-- TestCases.TC001_accoountRegister -->
    </test> <!-- Test -->
  </suite> <!-- Master Suite -->
</testng-results>
